2024-02-12 17:31:25,568 - root - INFO - get_type 		 - SUCCESS for: 01_M_A_01_H.wav
2024-02-12 17:31:25,568 - root - INFO - get_person 		 - SUCCESS for: 01_M_A_01_H.wav
2024-02-12 17:31:25,569 - root - INFO - get_type 		 - SUCCESS for: 01_M_A_01_H.wav
2024-02-12 17:31:25,569 - root - INFO - get_type 		 - SUCCESS for: 01_M_A_01_L.wav
2024-02-12 17:31:25,569 - root - INFO - get_person 		 - SUCCESS for: 01_M_A_01_L.wav
2024-02-12 17:31:25,569 - root - INFO - get_type 		 - SUCCESS for: 01_M_A_01_L.wav
2024-02-12 17:31:25,569 - root - INFO - get_type 		 - SUCCESS for: 01_M_A_02_H.wav
2024-02-12 17:31:25,569 - root - INFO - get_person 		 - SUCCESS for: 01_M_A_02_H.wav
2024-02-12 17:31:25,569 - root - INFO - get_type 		 - SUCCESS for: 01_M_A_02_H.wav
2024-02-12 17:31:25,569 - root - INFO - get_type 		 - SUCCESS for: 01_M_A_02_L.wav
2024-02-12 17:31:25,569 - root - INFO - get_person 		 - SUCCESS for: 01_M_A_02_L.wav
2024-02-12 17:31:25,569 - root - INFO - get_type 		 - SUCCESS for: 01_M_A_02_L.wav
2024-02-12 17:31:25,569 - root - INFO - get_type 		 - SUCCESS for: 01_M_A_03_H.wav
2024-02-12 17:31:25,569 - root - INFO - get_person 		 - SUCCESS for: 01_M_A_03_H.wav
2024-02-12 17:31:25,569 - root - INFO - get_type 		 - SUCCESS for: 01_M_A_03_H.wav
2024-02-12 17:31:25,570 - root - INFO - get_type 		 - SUCCESS for: 01_M_A_03_L.wav
2024-02-12 17:31:25,570 - root - INFO - get_person 		 - SUCCESS for: 01_M_A_03_L.wav
2024-02-12 17:31:25,570 - root - INFO - get_type 		 - SUCCESS for: 01_M_A_03_L.wav
2024-02-12 17:31:25,570 - root - INFO - get_type 		 - SUCCESS for: 01_M_A_04_H.wav
2024-02-12 17:31:25,570 - root - INFO - get_person 		 - SUCCESS for: 01_M_A_04_H.wav
2024-02-12 17:31:25,570 - root - INFO - get_type 		 - SUCCESS for: 01_M_A_04_H.wav
2024-02-12 17:31:25,570 - root - INFO - get_type 		 - SUCCESS for: 01_M_A_04_L.wav
2024-02-12 17:31:25,570 - root - INFO - get_person 		 - SUCCESS for: 01_M_A_04_L.wav
2024-02-12 17:31:25,570 - root - INFO - get_type 		 - SUCCESS for: 01_M_A_04_L.wav
2024-02-12 17:31:25,570 - root - INFO - get_type 		 - SUCCESS for: 01_M_A_05_H.wav
2024-02-12 17:31:25,570 - root - INFO - get_person 		 - SUCCESS for: 01_M_A_05_H.wav
2024-02-12 17:31:25,570 - root - INFO - get_type 		 - SUCCESS for: 01_M_A_05_H.wav
2024-02-12 17:31:25,570 - root - INFO - get_type 		 - SUCCESS for: 01_M_A_05_L.wav
2024-02-12 17:31:25,570 - root - INFO - get_person 		 - SUCCESS for: 01_M_A_05_L.wav
2024-02-12 17:31:25,570 - root - INFO - get_type 		 - SUCCESS for: 01_M_A_05_L.wav
2024-02-12 17:31:25,570 - root - INFO - get_type 		 - SUCCESS for: 01_M_A_06_H.wav
2024-02-12 17:31:25,570 - root - INFO - get_person 		 - SUCCESS for: 01_M_A_06_H.wav
2024-02-12 17:31:25,571 - root - INFO - get_type 		 - SUCCESS for: 01_M_A_06_H.wav
2024-02-12 17:31:25,571 - root - INFO - get_type 		 - SUCCESS for: 01_M_A_06_L.wav
2024-02-12 17:31:25,571 - root - INFO - get_person 		 - SUCCESS for: 01_M_A_06_L.wav
2024-02-12 17:31:25,571 - root - INFO - get_type 		 - SUCCESS for: 01_M_A_06_L.wav
2024-02-12 17:31:25,571 - root - INFO - get_type 		 - SUCCESS for: 01_M_A_07_H.wav
2024-02-12 17:31:25,571 - root - INFO - get_person 		 - SUCCESS for: 01_M_A_07_H.wav
2024-02-12 17:31:25,571 - root - INFO - get_type 		 - SUCCESS for: 01_M_A_07_H.wav
2024-02-12 17:31:25,571 - root - INFO - get_type 		 - SUCCESS for: 01_M_A_07_L.wav
2024-02-12 17:31:25,571 - root - INFO - get_person 		 - SUCCESS for: 01_M_A_07_L.wav
2024-02-12 17:31:25,571 - root - INFO - get_type 		 - SUCCESS for: 01_M_A_07_L.wav
2024-02-12 17:31:25,571 - root - INFO - get_type 		 - SUCCESS for: 01_M_A_08_H.wav
2024-02-12 17:31:25,571 - root - INFO - get_person 		 - SUCCESS for: 01_M_A_08_H.wav
2024-02-12 17:31:25,571 - root - INFO - get_type 		 - SUCCESS for: 01_M_A_08_H.wav
2024-02-12 17:31:25,571 - root - INFO - get_type 		 - SUCCESS for: 01_M_A_08_L.wav
2024-02-12 17:31:25,571 - root - INFO - get_person 		 - SUCCESS for: 01_M_A_08_L.wav
2024-02-12 17:31:25,571 - root - INFO - get_type 		 - SUCCESS for: 01_M_A_08_L.wav
2024-02-12 17:31:25,571 - root - INFO - get_type 		 - SUCCESS for: 01_M_A_09_H.wav
2024-02-12 17:31:25,572 - root - INFO - get_person 		 - SUCCESS for: 01_M_A_09_H.wav
2024-02-12 17:31:25,572 - root - INFO - get_type 		 - SUCCESS for: 01_M_A_09_H.wav
2024-02-12 17:31:25,572 - root - INFO - get_type 		 - SUCCESS for: 01_M_A_09_L.wav
2024-02-12 17:31:25,572 - root - INFO - get_person 		 - SUCCESS for: 01_M_A_09_L.wav
2024-02-12 17:31:25,572 - root - INFO - get_type 		 - SUCCESS for: 01_M_A_09_L.wav
2024-02-12 17:31:25,572 - root - INFO - get_type 		 - SUCCESS for: 01_M_A_10_H.wav
2024-02-12 17:31:25,572 - root - INFO - get_person 		 - SUCCESS for: 01_M_A_10_H.wav
2024-02-12 17:31:25,572 - root - INFO - get_type 		 - SUCCESS for: 01_M_A_10_H.wav
2024-02-12 17:31:25,572 - root - INFO - get_type 		 - SUCCESS for: 01_M_A_10_L.wav
2024-02-12 17:31:25,572 - root - INFO - get_person 		 - SUCCESS for: 01_M_A_10_L.wav
2024-02-12 17:31:25,573 - root - INFO - get_type 		 - SUCCESS for: 01_M_A_10_L.wav
2024-02-12 17:31:25,573 - root - INFO - get_type 		 - SUCCESS for: 01_M_I_01_H.wav
2024-02-12 17:31:25,573 - root - INFO - get_type 		 - SUCCESS for: 01_M_I_01_L.wav
2024-02-12 17:31:25,573 - root - INFO - get_type 		 - SUCCESS for: 01_M_I_02_H.wav
2024-02-12 17:31:25,573 - root - INFO - get_type 		 - SUCCESS for: 01_M_I_02_L.wav
2024-02-12 17:31:25,573 - root - INFO - get_type 		 - SUCCESS for: 01_M_I_03_H.wav
2024-02-12 17:31:25,573 - root - INFO - get_type 		 - SUCCESS for: 01_M_I_03_L.wav
2024-02-12 17:31:25,573 - root - INFO - get_type 		 - SUCCESS for: 01_M_I_04_H.wav
2024-02-12 17:31:25,573 - root - INFO - get_type 		 - SUCCESS for: 01_M_I_04_L.wav
2024-02-12 17:31:25,573 - root - INFO - get_type 		 - SUCCESS for: 01_M_I_05_H.wav
2024-02-12 17:31:25,573 - root - INFO - get_type 		 - SUCCESS for: 01_M_I_05_L.wav
2024-02-12 17:31:25,573 - root - INFO - get_type 		 - SUCCESS for: 01_M_I_06_H.wav
2024-02-12 17:31:25,573 - root - INFO - get_type 		 - SUCCESS for: 01_M_I_06_L.wav
2024-02-12 17:31:25,573 - root - INFO - get_type 		 - SUCCESS for: 01_M_I_07_H.wav
2024-02-12 17:31:25,573 - root - INFO - get_type 		 - SUCCESS for: 01_M_I_07_L.wav
2024-02-12 17:31:25,574 - root - INFO - get_type 		 - SUCCESS for: 01_M_I_08_H.wav
2024-02-12 17:31:25,574 - root - INFO - get_type 		 - SUCCESS for: 01_M_I_08_L.wav
2024-02-12 17:31:25,574 - root - INFO - get_type 		 - SUCCESS for: 01_M_I_09_H.wav
2024-02-12 17:31:25,574 - root - INFO - get_type 		 - SUCCESS for: 01_M_I_09_L.wav
2024-02-12 17:31:25,574 - root - INFO - get_type 		 - SUCCESS for: 01_M_I_10_H.wav
2024-02-12 17:31:25,574 - root - INFO - get_type 		 - SUCCESS for: 01_M_I_10_L.wav
2024-02-12 17:31:25,574 - root - INFO - get_type 		 - SUCCESS for: 01_M_Q_01_H.wav
2024-02-12 17:31:25,574 - root - INFO - get_person 		 - SUCCESS for: 01_M_Q_01_H.wav
2024-02-12 17:31:25,574 - root - INFO - get_type 		 - SUCCESS for: 01_M_Q_01_H.wav
2024-02-12 17:31:25,574 - root - INFO - get_type 		 - SUCCESS for: 01_M_Q_01_L.wav
2024-02-12 17:31:25,574 - root - INFO - get_person 		 - SUCCESS for: 01_M_Q_01_L.wav
2024-02-12 17:31:25,574 - root - INFO - get_type 		 - SUCCESS for: 01_M_Q_01_L.wav
2024-02-12 17:31:25,574 - root - INFO - get_type 		 - SUCCESS for: 01_M_Q_02_H.wav
2024-02-12 17:31:25,574 - root - INFO - get_person 		 - SUCCESS for: 01_M_Q_02_H.wav
2024-02-12 17:31:25,574 - root - INFO - get_type 		 - SUCCESS for: 01_M_Q_02_H.wav
2024-02-12 17:31:25,574 - root - INFO - get_type 		 - SUCCESS for: 01_M_Q_02_L.wav
2024-02-12 17:31:25,574 - root - INFO - get_person 		 - SUCCESS for: 01_M_Q_02_L.wav
2024-02-12 17:31:25,575 - root - INFO - get_type 		 - SUCCESS for: 01_M_Q_02_L.wav
2024-02-12 17:31:25,575 - root - INFO - get_type 		 - SUCCESS for: 01_M_Q_03_H.wav
2024-02-12 17:31:25,575 - root - INFO - get_person 		 - SUCCESS for: 01_M_Q_03_H.wav
2024-02-12 17:31:25,575 - root - INFO - get_type 		 - SUCCESS for: 01_M_Q_03_H.wav
2024-02-12 17:31:25,575 - root - INFO - get_type 		 - SUCCESS for: 01_M_Q_03_L.wav
2024-02-12 17:31:25,575 - root - INFO - get_person 		 - SUCCESS for: 01_M_Q_03_L.wav
2024-02-12 17:31:25,575 - root - INFO - get_type 		 - SUCCESS for: 01_M_Q_03_L.wav
2024-02-12 17:31:25,575 - root - INFO - get_type 		 - SUCCESS for: 01_M_Q_04_H.wav
2024-02-12 17:31:25,575 - root - INFO - get_person 		 - SUCCESS for: 01_M_Q_04_H.wav
2024-02-12 17:31:25,575 - root - INFO - get_type 		 - SUCCESS for: 01_M_Q_04_H.wav
2024-02-12 17:31:25,575 - root - INFO - get_type 		 - SUCCESS for: 01_M_Q_04_L.wav
2024-02-12 17:31:25,575 - root - INFO - get_person 		 - SUCCESS for: 01_M_Q_04_L.wav
2024-02-12 17:31:25,575 - root - INFO - get_type 		 - SUCCESS for: 01_M_Q_04_L.wav
2024-02-12 17:31:25,575 - root - INFO - get_type 		 - SUCCESS for: 01_M_Q_05_H.wav
2024-02-12 17:31:25,575 - root - INFO - get_person 		 - SUCCESS for: 01_M_Q_05_H.wav
2024-02-12 17:31:25,575 - root - INFO - get_type 		 - SUCCESS for: 01_M_Q_05_H.wav
2024-02-12 17:31:25,575 - root - INFO - get_type 		 - SUCCESS for: 01_M_Q_05_L.wav
2024-02-12 17:31:25,576 - root - INFO - get_person 		 - SUCCESS for: 01_M_Q_05_L.wav
2024-02-12 17:31:25,576 - root - INFO - get_type 		 - SUCCESS for: 01_M_Q_05_L.wav
2024-02-12 17:31:25,576 - root - INFO - get_type 		 - SUCCESS for: 01_M_Q_06_H.wav
2024-02-12 17:31:25,576 - root - INFO - get_person 		 - SUCCESS for: 01_M_Q_06_H.wav
2024-02-12 17:31:25,576 - root - INFO - get_type 		 - SUCCESS for: 01_M_Q_06_H.wav
2024-02-12 17:31:25,576 - root - INFO - get_type 		 - SUCCESS for: 01_M_Q_06_L.wav
2024-02-12 17:31:25,576 - root - INFO - get_person 		 - SUCCESS for: 01_M_Q_06_L.wav
2024-02-12 17:31:25,576 - root - INFO - get_type 		 - SUCCESS for: 01_M_Q_06_L.wav
2024-02-12 17:31:25,576 - root - INFO - get_type 		 - SUCCESS for: 01_M_Q_07_H.wav
2024-02-12 17:31:25,576 - root - INFO - get_person 		 - SUCCESS for: 01_M_Q_07_H.wav
2024-02-12 17:31:25,576 - root - INFO - get_type 		 - SUCCESS for: 01_M_Q_07_H.wav
2024-02-12 17:31:25,576 - root - INFO - get_type 		 - SUCCESS for: 01_M_Q_07_L.wav
2024-02-12 17:31:25,576 - root - INFO - get_person 		 - SUCCESS for: 01_M_Q_07_L.wav
2024-02-12 17:31:25,576 - root - INFO - get_type 		 - SUCCESS for: 01_M_Q_07_L.wav
2024-02-12 17:31:25,576 - root - INFO - get_type 		 - SUCCESS for: 01_M_Q_08_H.wav
2024-02-12 17:31:25,576 - root - INFO - get_person 		 - SUCCESS for: 01_M_Q_08_H.wav
2024-02-12 17:31:25,576 - root - INFO - get_type 		 - SUCCESS for: 01_M_Q_08_H.wav
2024-02-12 17:31:25,577 - root - INFO - get_type 		 - SUCCESS for: 01_M_Q_08_L.wav
2024-02-12 17:31:25,577 - root - INFO - get_person 		 - SUCCESS for: 01_M_Q_08_L.wav
2024-02-12 17:31:25,577 - root - INFO - get_type 		 - SUCCESS for: 01_M_Q_08_L.wav
2024-02-12 17:31:25,577 - root - INFO - get_type 		 - SUCCESS for: 01_M_Q_09_H.wav
2024-02-12 17:31:25,577 - root - INFO - get_person 		 - SUCCESS for: 01_M_Q_09_H.wav
2024-02-12 17:31:25,577 - root - INFO - get_type 		 - SUCCESS for: 01_M_Q_09_H.wav
2024-02-12 17:31:25,577 - root - INFO - get_type 		 - SUCCESS for: 01_M_Q_09_L.wav
2024-02-12 17:31:25,577 - root - INFO - get_person 		 - SUCCESS for: 01_M_Q_09_L.wav
2024-02-12 17:31:25,577 - root - INFO - get_type 		 - SUCCESS for: 01_M_Q_09_L.wav
2024-02-12 17:31:25,577 - root - INFO - get_type 		 - SUCCESS for: 01_M_Q_10_H.wav
2024-02-12 17:31:25,577 - root - INFO - get_person 		 - SUCCESS for: 01_M_Q_10_H.wav
2024-02-12 17:31:25,577 - root - INFO - get_type 		 - SUCCESS for: 01_M_Q_10_H.wav
2024-02-12 17:31:25,577 - root - INFO - get_type 		 - SUCCESS for: 01_M_Q_10_L.wav
2024-02-12 17:31:25,577 - root - INFO - get_person 		 - SUCCESS for: 01_M_Q_10_L.wav
2024-02-12 17:31:25,577 - root - INFO - get_type 		 - SUCCESS for: 01_M_Q_10_L.wav
2024-02-12 17:31:25,577 - root - INFO - get_type 		 - SUCCESS for: 01_M_S_01_L.wav
2024-02-12 17:31:25,577 - root - INFO - get_type 		 - SUCCESS for: 01_M_S_02_L.wav
2024-02-12 17:31:25,578 - root - INFO - get_type 		 - SUCCESS for: 01_M_S_03_L.wav
2024-02-12 17:31:25,578 - root - INFO - get_type 		 - SUCCESS for: 01_M_S_04_L.wav
2024-02-12 17:31:25,578 - root - INFO - get_type 		 - SUCCESS for: 01_M_S_05_L.wav
2024-02-12 17:31:25,578 - root - INFO - get_type 		 - SUCCESS for: 01_M_S_06_L.wav
2024-02-12 17:31:25,578 - root - INFO - get_type 		 - SUCCESS for: 01_M_S_07_L.wav
2024-02-12 17:31:25,578 - root - INFO - get_type 		 - SUCCESS for: 01_M_S_08_L.wav
2024-02-12 17:31:25,578 - root - INFO - get_type 		 - SUCCESS for: 01_M_S_09_L.wav
2024-02-12 17:31:25,578 - root - INFO - get_type 		 - SUCCESS for: 01_M_S_10_L.wav
2024-02-12 17:31:25,578 - root - INFO - get_type 		 - SUCCESS for: 03_M_A_01_L.wav
2024-02-12 17:31:25,578 - root - INFO - get_person 		 - SUCCESS for: 03_M_A_01_L.wav
2024-02-12 17:31:25,579 - root - INFO - get_type 		 - SUCCESS for: 03_M_A_01_L.wav
2024-02-12 17:31:25,579 - root - INFO - get_type 		 - SUCCESS for: 03_M_A_02_L.wav
2024-02-12 17:31:25,579 - root - INFO - get_person 		 - SUCCESS for: 03_M_A_02_L.wav
2024-02-12 17:31:25,579 - root - INFO - get_type 		 - SUCCESS for: 03_M_A_02_L.wav
2024-02-12 17:31:25,579 - root - INFO - get_type 		 - SUCCESS for: 03_M_A_03_L.wav
2024-02-12 17:31:25,579 - root - INFO - get_person 		 - SUCCESS for: 03_M_A_03_L.wav
2024-02-12 17:31:25,579 - root - INFO - get_type 		 - SUCCESS for: 03_M_A_03_L.wav
2024-02-12 17:31:25,579 - root - INFO - get_type 		 - SUCCESS for: 03_M_I_01_L.wav
2024-02-12 17:31:25,579 - root - INFO - get_type 		 - SUCCESS for: 03_M_I_02_L.wav
2024-02-12 17:31:25,579 - root - INFO - get_type 		 - SUCCESS for: 03_M_I_03_L.wav
2024-02-12 17:31:25,579 - root - INFO - get_type 		 - SUCCESS for: 03_M_Q_01_L.wav
2024-02-12 17:31:25,579 - root - INFO - get_person 		 - SUCCESS for: 03_M_Q_01_L.wav
2024-02-12 17:31:25,579 - root - INFO - get_type 		 - SUCCESS for: 03_M_Q_01_L.wav
2024-02-12 17:31:25,580 - root - INFO - get_type 		 - SUCCESS for: 03_M_Q_02_L.wav
2024-02-12 17:31:25,580 - root - INFO - get_person 		 - SUCCESS for: 03_M_Q_02_L.wav
2024-02-12 17:31:25,580 - root - INFO - get_type 		 - SUCCESS for: 03_M_Q_02_L.wav
2024-02-12 17:31:25,580 - root - INFO - get_type 		 - SUCCESS for: 03_M_Q_03_L.wav
2024-02-12 17:31:25,580 - root - INFO - get_person 		 - SUCCESS for: 03_M_Q_03_L.wav
2024-02-12 17:31:25,580 - root - INFO - get_type 		 - SUCCESS for: 03_M_Q_03_L.wav
2024-02-12 17:31:25,580 - root - INFO - get_type 		 - SUCCESS for: 03_M_S_01.wav
2024-02-12 17:31:25,580 - root - INFO - get_type 		 - SUCCESS for: 03_M_S_02.wav
2024-02-12 17:31:25,580 - root - INFO - get_type 		 - SUCCESS for: 03_M_S_03.wav
2024-02-12 17:31:25,580 - root - INFO - get_type 		 - SUCCESS for: 03_M_S_04.wav
2024-02-12 17:31:25,580 - root - INFO - get_type 		 - SUCCESS for: 03_M_S_05.wav
2024-02-12 17:31:25,580 - root - INFO - get_type 		 - SUCCESS for: 03_M_S_06.wav
2024-02-12 17:31:25,580 - root - INFO - get_type 		 - SUCCESS for: 03_M_S_07.wav
2024-02-12 17:31:25,580 - root - INFO - get_type 		 - SUCCESS for: 03_M_S_08.wav
2024-02-12 17:31:25,581 - root - INFO - get_type 		 - SUCCESS for: 03_M_S_09.wav
2024-02-12 17:31:25,581 - root - INFO - get_type 		 - SUCCESS for: 07_M_A_01_L.wav
2024-02-12 17:31:25,581 - root - INFO - get_person 		 - SUCCESS for: 07_M_A_01_L.wav
2024-02-12 17:31:25,581 - root - INFO - get_type 		 - SUCCESS for: 07_M_A_01_L.wav
2024-02-12 17:31:25,581 - root - INFO - get_type 		 - SUCCESS for: 07_M_A_02_L.wav
2024-02-12 17:31:25,581 - root - INFO - get_person 		 - SUCCESS for: 07_M_A_02_L.wav
2024-02-12 17:31:25,581 - root - INFO - get_type 		 - SUCCESS for: 07_M_A_02_L.wav
2024-02-12 17:31:25,581 - root - INFO - get_type 		 - SUCCESS for: 07_M_A_03_L.wav
2024-02-12 17:31:25,581 - root - INFO - get_person 		 - SUCCESS for: 07_M_A_03_L.wav
2024-02-12 17:31:25,582 - root - INFO - get_type 		 - SUCCESS for: 07_M_A_03_L.wav
2024-02-12 17:31:25,582 - root - INFO - get_type 		 - SUCCESS for: 07_M_I_01_L.wav
2024-02-12 17:31:25,582 - root - INFO - get_type 		 - SUCCESS for: 07_M_I_02_L.wav
2024-02-12 17:31:25,582 - root - INFO - get_type 		 - SUCCESS for: 07_M_I_03_L.wav
2024-02-12 17:31:25,582 - root - INFO - get_type 		 - SUCCESS for: 07_M_Q_01_L.wav
2024-02-12 17:31:25,582 - root - INFO - get_person 		 - SUCCESS for: 07_M_Q_01_L.wav
2024-02-12 17:31:25,582 - root - INFO - get_type 		 - SUCCESS for: 07_M_Q_01_L.wav
2024-02-12 17:31:25,582 - root - INFO - get_type 		 - SUCCESS for: 07_M_Q_02_L.wav
2024-02-12 17:31:25,582 - root - INFO - get_person 		 - SUCCESS for: 07_M_Q_02_L.wav
2024-02-12 17:31:25,582 - root - INFO - get_type 		 - SUCCESS for: 07_M_Q_02_L.wav
2024-02-12 17:31:25,582 - root - INFO - get_type 		 - SUCCESS for: 07_M_Q_03_L.wav
2024-02-12 17:31:25,582 - root - INFO - get_person 		 - SUCCESS for: 07_M_Q_03_L.wav
2024-02-12 17:31:25,582 - root - INFO - get_type 		 - SUCCESS for: 07_M_Q_03_L.wav
2024-02-12 17:31:25,582 - root - INFO - get_type 		 - SUCCESS for: 07_M_S_01.wav
2024-02-12 17:31:25,582 - root - INFO - get_type 		 - SUCCESS for: 07_M_S_02.wav
2024-02-12 17:31:25,583 - root - INFO - get_type 		 - SUCCESS for: 07_M_S_03.wav
2024-02-12 17:31:25,583 - root - INFO - get_type 		 - SUCCESS for: 07_M_S_04.wav
2024-02-12 17:31:25,583 - root - INFO - get_type 		 - SUCCESS for: 07_M_S_05.wav
2024-02-12 17:31:25,583 - root - INFO - get_type 		 - SUCCESS for: 07_M_S_06.wav
2024-02-12 17:31:25,583 - root - INFO - get_type 		 - SUCCESS for: 07_M_S_07.wav
2024-02-12 17:31:25,583 - root - INFO - get_type 		 - SUCCESS for: 07_M_S_08.wav
2024-02-12 17:31:25,583 - root - INFO - folder_info 		 - SUCCESS: max_files: 105, 	count_a: ['01_M_A_01_H.wav', '01_M_A_01_L.wav', '01_M_A_02_H.wav', '01_M_A_02_L.wav', '01_M_A_03_H.wav', '01_M_A_03_L.wav', '01_M_A_04_H.wav', '01_M_A_04_L.wav', '01_M_A_05_H.wav', '01_M_A_05_L.wav', '01_M_A_06_H.wav', '01_M_A_06_L.wav', '01_M_A_07_H.wav', '01_M_A_07_L.wav', '01_M_A_08_H.wav', '01_M_A_08_L.wav', '01_M_A_09_H.wav', '01_M_A_09_L.wav', '01_M_A_10_H.wav', '01_M_A_10_L.wav', '03_M_A_01_L.wav', '03_M_A_02_L.wav', '03_M_A_03_L.wav', '07_M_A_01_L.wav', '07_M_A_02_L.wav', '07_M_A_03_L.wav'], 	count_q: ['01_M_Q_01_H.wav', '01_M_Q_01_L.wav', '01_M_Q_02_H.wav', '01_M_Q_02_L.wav', '01_M_Q_03_H.wav', '01_M_Q_03_L.wav', '01_M_Q_04_H.wav', '01_M_Q_04_L.wav', '01_M_Q_05_H.wav', '01_M_Q_05_L.wav', '01_M_Q_06_H.wav', '01_M_Q_06_L.wav', '01_M_Q_07_H.wav', '01_M_Q_07_L.wav', '01_M_Q_08_H.wav', '01_M_Q_08_L.wav', '01_M_Q_09_H.wav', '01_M_Q_09_L.wav', '01_M_Q_10_H.wav', '01_M_Q_10_L.wav', '03_M_Q_01_L.wav', '03_M_Q_02_L.wav', '03_M_Q_03_L.wav', '07_M_Q_01_L.wav', '07_M_Q_02_L.wav', '07_M_Q_03_L.wav'], 	count_iq: ['01_M_I_01_H.wav', '01_M_I_01_L.wav', '01_M_I_02_H.wav', '01_M_I_02_L.wav', '01_M_I_03_H.wav', '01_M_I_03_L.wav', '01_M_I_04_H.wav', '01_M_I_04_L.wav', '01_M_I_05_H.wav', '01_M_I_05_L.wav', '01_M_I_06_H.wav', '01_M_I_06_L.wav', '01_M_I_07_H.wav', '01_M_I_07_L.wav', '01_M_I_08_H.wav', '01_M_I_08_L.wav', '01_M_I_09_H.wav', '01_M_I_09_L.wav', '01_M_I_10_H.wav', '01_M_I_10_L.wav', '03_M_I_01_L.wav', '03_M_I_02_L.wav', '03_M_I_03_L.wav', '07_M_I_01_L.wav', '07_M_I_02_L.wav', '07_M_I_03_L.wav'], 	count_s: ['01_M_S_01_L.wav', '01_M_S_02_L.wav', '01_M_S_03_L.wav', '01_M_S_04_L.wav', '01_M_S_05_L.wav', '01_M_S_06_L.wav', '01_M_S_07_L.wav', '01_M_S_08_L.wav', '01_M_S_09_L.wav', '01_M_S_10_L.wav', '03_M_S_01.wav', '03_M_S_02.wav', '03_M_S_03.wav', '03_M_S_04.wav', '03_M_S_05.wav', '03_M_S_06.wav', '03_M_S_07.wav', '03_M_S_08.wav', '03_M_S_09.wav', '07_M_S_01.wav', '07_M_S_02.wav', '07_M_S_03.wav', '07_M_S_04.wav', '07_M_S_05.wav', '07_M_S_06.wav', '07_M_S_07.wav', '07_M_S_08.wav'], 	a_letters: {'01': '10', '03': '03', '07': '03'}, 	q_letters: {'01': '10', '03': '03', '07': '03'}
2024-02-12 17:31:25,583 - root - INFO - (['01_M_A_01_H.wav', '01_M_A_01_L.wav', '01_M_A_02_H.wav', '01_M_A_02_L.wav', '01_M_A_03_H.wav', '01_M_A_03_L.wav', '01_M_A_04_H.wav', '01_M_A_04_L.wav', '01_M_A_05_H.wav', '01_M_A_05_L.wav', '01_M_A_06_H.wav', '01_M_A_06_L.wav', '01_M_A_07_H.wav', '01_M_A_07_L.wav', '01_M_A_08_H.wav', '01_M_A_08_L.wav', '01_M_A_09_H.wav', '01_M_A_09_L.wav', '01_M_A_10_H.wav', '01_M_A_10_L.wav', '03_M_A_01_L.wav', '03_M_A_02_L.wav', '03_M_A_03_L.wav', '07_M_A_01_L.wav', '07_M_A_02_L.wav', '07_M_A_03_L.wav'], ['01_M_Q_01_H.wav', '01_M_Q_01_L.wav', '01_M_Q_02_H.wav', '01_M_Q_02_L.wav', '01_M_Q_03_H.wav', '01_M_Q_03_L.wav', '01_M_Q_04_H.wav', '01_M_Q_04_L.wav', '01_M_Q_05_H.wav', '01_M_Q_05_L.wav', '01_M_Q_06_H.wav', '01_M_Q_06_L.wav', '01_M_Q_07_H.wav', '01_M_Q_07_L.wav', '01_M_Q_08_H.wav', '01_M_Q_08_L.wav', '01_M_Q_09_H.wav', '01_M_Q_09_L.wav', '01_M_Q_10_H.wav', '01_M_Q_10_L.wav', '03_M_Q_01_L.wav', '03_M_Q_02_L.wav', '03_M_Q_03_L.wav', '07_M_Q_01_L.wav', '07_M_Q_02_L.wav', '07_M_Q_03_L.wav'], ['01_M_I_01_H.wav', '01_M_I_01_L.wav', '01_M_I_02_H.wav', '01_M_I_02_L.wav', '01_M_I_03_H.wav', '01_M_I_03_L.wav', '01_M_I_04_H.wav', '01_M_I_04_L.wav', '01_M_I_05_H.wav', '01_M_I_05_L.wav', '01_M_I_06_H.wav', '01_M_I_06_L.wav', '01_M_I_07_H.wav', '01_M_I_07_L.wav', '01_M_I_08_H.wav', '01_M_I_08_L.wav', '01_M_I_09_H.wav', '01_M_I_09_L.wav', '01_M_I_10_H.wav', '01_M_I_10_L.wav', '03_M_I_01_L.wav', '03_M_I_02_L.wav', '03_M_I_03_L.wav', '07_M_I_01_L.wav', '07_M_I_02_L.wav', '07_M_I_03_L.wav'])
2024-02-12 17:31:25,583 - root - INFO - get_person 		 - SUCCESS for: 01_M_Q_01_H.wav
2024-02-12 17:31:25,583 - root - INFO - get_type 		 - SUCCESS for: 01_M_Q_01_H.wav
2024-02-12 17:31:25,583 - root - INFO - get_person 		 - SUCCESS for: 01_M_Q_01_L.wav
2024-02-12 17:31:25,583 - root - INFO - get_type 		 - SUCCESS for: 01_M_Q_01_L.wav
2024-02-12 17:31:25,583 - root - INFO - get_person 		 - SUCCESS for: 01_M_Q_02_H.wav
2024-02-12 17:31:25,583 - root - INFO - get_type 		 - SUCCESS for: 01_M_Q_02_H.wav
2024-02-12 17:31:25,583 - root - INFO - get_person 		 - SUCCESS for: 01_M_Q_02_L.wav
2024-02-12 17:31:25,584 - root - INFO - get_type 		 - SUCCESS for: 01_M_Q_02_L.wav
2024-02-12 17:31:25,584 - root - INFO - get_person 		 - SUCCESS for: 01_M_Q_03_H.wav
2024-02-12 17:31:25,584 - root - INFO - get_type 		 - SUCCESS for: 01_M_Q_03_H.wav
2024-02-12 17:31:25,584 - root - INFO - get_person 		 - SUCCESS for: 01_M_Q_03_L.wav
2024-02-12 17:31:25,584 - root - INFO - get_type 		 - SUCCESS for: 01_M_Q_03_L.wav
2024-02-12 17:31:25,584 - root - INFO - get_person 		 - SUCCESS for: 01_M_Q_04_H.wav
2024-02-12 17:31:25,584 - root - INFO - get_type 		 - SUCCESS for: 01_M_Q_04_H.wav
2024-02-12 17:31:25,584 - root - INFO - get_person 		 - SUCCESS for: 01_M_Q_04_L.wav
2024-02-12 17:31:25,584 - root - INFO - get_type 		 - SUCCESS for: 01_M_Q_04_L.wav
2024-02-12 17:31:25,584 - root - INFO - get_person 		 - SUCCESS for: 01_M_Q_05_H.wav
2024-02-12 17:31:25,584 - root - INFO - get_type 		 - SUCCESS for: 01_M_Q_05_H.wav
2024-02-12 17:31:25,584 - root - INFO - get_person 		 - SUCCESS for: 01_M_Q_05_L.wav
2024-02-12 17:31:25,584 - root - INFO - get_type 		 - SUCCESS for: 01_M_Q_05_L.wav
2024-02-12 17:31:25,584 - root - INFO - get_person 		 - SUCCESS for: 01_M_Q_06_H.wav
2024-02-12 17:31:25,584 - root - INFO - get_type 		 - SUCCESS for: 01_M_Q_06_H.wav
2024-02-12 17:31:25,584 - root - INFO - get_person 		 - SUCCESS for: 01_M_Q_06_L.wav
2024-02-12 17:31:25,585 - root - INFO - get_type 		 - SUCCESS for: 01_M_Q_06_L.wav
2024-02-12 17:31:25,585 - root - INFO - get_person 		 - SUCCESS for: 01_M_Q_07_H.wav
2024-02-12 17:31:25,585 - root - INFO - get_type 		 - SUCCESS for: 01_M_Q_07_H.wav
2024-02-12 17:31:25,585 - root - INFO - get_person 		 - SUCCESS for: 01_M_Q_07_L.wav
2024-02-12 17:31:25,585 - root - INFO - get_type 		 - SUCCESS for: 01_M_Q_07_L.wav
2024-02-12 17:31:25,585 - root - INFO - get_person 		 - SUCCESS for: 01_M_Q_08_H.wav
2024-02-12 17:31:25,585 - root - INFO - get_type 		 - SUCCESS for: 01_M_Q_08_H.wav
2024-02-12 17:31:25,585 - root - INFO - get_person 		 - SUCCESS for: 01_M_Q_08_L.wav
2024-02-12 17:31:25,585 - root - INFO - get_type 		 - SUCCESS for: 01_M_Q_08_L.wav
2024-02-12 17:31:25,585 - root - INFO - get_person 		 - SUCCESS for: 01_M_Q_09_H.wav
2024-02-12 17:31:25,585 - root - INFO - get_type 		 - SUCCESS for: 01_M_Q_09_H.wav
2024-02-12 17:31:25,585 - root - INFO - get_person 		 - SUCCESS for: 01_M_Q_09_L.wav
2024-02-12 17:31:25,585 - root - INFO - get_type 		 - SUCCESS for: 01_M_Q_09_L.wav
2024-02-12 17:31:25,585 - root - INFO - get_person 		 - SUCCESS for: 01_M_Q_10_H.wav
2024-02-12 17:31:25,585 - root - INFO - get_type 		 - SUCCESS for: 01_M_Q_10_H.wav
2024-02-12 17:31:25,585 - root - INFO - get_person 		 - SUCCESS for: 01_M_Q_10_L.wav
2024-02-12 17:31:25,586 - root - INFO - get_type 		 - SUCCESS for: 01_M_Q_10_L.wav
2024-02-12 17:31:25,586 - root - INFO - get_person 		 - SUCCESS for: 03_M_Q_01_L.wav
2024-02-12 17:31:25,586 - root - INFO - get_type 		 - SUCCESS for: 03_M_Q_01_L.wav
2024-02-12 17:31:25,586 - root - INFO - get_person 		 - SUCCESS for: 03_M_Q_02_L.wav
2024-02-12 17:31:25,586 - root - INFO - get_type 		 - SUCCESS for: 03_M_Q_02_L.wav
2024-02-12 17:31:25,586 - root - INFO - get_person 		 - SUCCESS for: 03_M_Q_03_L.wav
2024-02-12 17:31:25,586 - root - INFO - get_type 		 - SUCCESS for: 03_M_Q_03_L.wav
2024-02-12 17:31:25,586 - root - INFO - get_person 		 - SUCCESS for: 07_M_Q_01_L.wav
2024-02-12 17:31:25,586 - root - INFO - get_type 		 - SUCCESS for: 07_M_Q_01_L.wav
2024-02-12 17:31:25,586 - root - INFO - get_person 		 - SUCCESS for: 07_M_Q_02_L.wav
2024-02-12 17:31:25,586 - root - INFO - get_type 		 - SUCCESS for: 07_M_Q_02_L.wav
2024-02-12 17:31:25,586 - root - INFO - get_person 		 - SUCCESS for: 07_M_Q_03_L.wav
2024-02-12 17:31:25,586 - root - INFO - get_type 		 - SUCCESS for: 07_M_Q_03_L.wav
2024-02-12 17:31:25,586 - root - INFO - list_to_3Dlist 		 - SUCCESS
2024-02-12 17:31:25,586 - root - INFO - get_person 		 - SUCCESS for: 01_M_A_01_H.wav
2024-02-12 17:31:25,586 - root - INFO - get_type 		 - SUCCESS for: 01_M_A_01_H.wav
2024-02-12 17:31:25,586 - root - INFO - get_person 		 - SUCCESS for: 01_M_A_01_L.wav
2024-02-12 17:31:25,587 - root - INFO - get_type 		 - SUCCESS for: 01_M_A_01_L.wav
2024-02-12 17:31:25,587 - root - INFO - get_person 		 - SUCCESS for: 01_M_A_02_H.wav
2024-02-12 17:31:25,587 - root - INFO - get_type 		 - SUCCESS for: 01_M_A_02_H.wav
2024-02-12 17:31:25,587 - root - INFO - get_person 		 - SUCCESS for: 01_M_A_02_L.wav
2024-02-12 17:31:25,587 - root - INFO - get_type 		 - SUCCESS for: 01_M_A_02_L.wav
2024-02-12 17:31:25,587 - root - INFO - get_person 		 - SUCCESS for: 01_M_A_03_H.wav
2024-02-12 17:31:25,587 - root - INFO - get_type 		 - SUCCESS for: 01_M_A_03_H.wav
2024-02-12 17:31:25,587 - root - INFO - get_person 		 - SUCCESS for: 01_M_A_03_L.wav
2024-02-12 17:31:25,587 - root - INFO - get_type 		 - SUCCESS for: 01_M_A_03_L.wav
2024-02-12 17:31:25,587 - root - INFO - get_person 		 - SUCCESS for: 01_M_A_04_H.wav
2024-02-12 17:31:25,587 - root - INFO - get_type 		 - SUCCESS for: 01_M_A_04_H.wav
2024-02-12 17:31:25,587 - root - INFO - get_person 		 - SUCCESS for: 01_M_A_04_L.wav
2024-02-12 17:31:25,587 - root - INFO - get_type 		 - SUCCESS for: 01_M_A_04_L.wav
2024-02-12 17:31:25,588 - root - INFO - get_person 		 - SUCCESS for: 01_M_A_05_H.wav
2024-02-12 17:31:25,588 - root - INFO - get_type 		 - SUCCESS for: 01_M_A_05_H.wav
2024-02-12 17:31:25,588 - root - INFO - get_person 		 - SUCCESS for: 01_M_A_05_L.wav
2024-02-12 17:31:25,588 - root - INFO - get_type 		 - SUCCESS for: 01_M_A_05_L.wav
2024-02-12 17:31:25,588 - root - INFO - get_person 		 - SUCCESS for: 01_M_A_06_H.wav
2024-02-12 17:31:25,588 - root - INFO - get_type 		 - SUCCESS for: 01_M_A_06_H.wav
2024-02-12 17:31:25,588 - root - INFO - get_person 		 - SUCCESS for: 01_M_A_06_L.wav
2024-02-12 17:31:25,588 - root - INFO - get_type 		 - SUCCESS for: 01_M_A_06_L.wav
2024-02-12 17:31:25,588 - root - INFO - get_person 		 - SUCCESS for: 01_M_A_07_H.wav
2024-02-12 17:31:25,588 - root - INFO - get_type 		 - SUCCESS for: 01_M_A_07_H.wav
2024-02-12 17:31:25,588 - root - INFO - get_person 		 - SUCCESS for: 01_M_A_07_L.wav
2024-02-12 17:31:25,588 - root - INFO - get_type 		 - SUCCESS for: 01_M_A_07_L.wav
2024-02-12 17:31:25,588 - root - INFO - get_person 		 - SUCCESS for: 01_M_A_08_H.wav
2024-02-12 17:31:25,588 - root - INFO - get_type 		 - SUCCESS for: 01_M_A_08_H.wav
2024-02-12 17:31:25,588 - root - INFO - get_person 		 - SUCCESS for: 01_M_A_08_L.wav
2024-02-12 17:31:25,588 - root - INFO - get_type 		 - SUCCESS for: 01_M_A_08_L.wav
2024-02-12 17:31:25,589 - root - INFO - get_person 		 - SUCCESS for: 01_M_A_09_H.wav
2024-02-12 17:31:25,589 - root - INFO - get_type 		 - SUCCESS for: 01_M_A_09_H.wav
2024-02-12 17:31:25,589 - root - INFO - get_person 		 - SUCCESS for: 01_M_A_09_L.wav
2024-02-12 17:31:25,589 - root - INFO - get_type 		 - SUCCESS for: 01_M_A_09_L.wav
2024-02-12 17:31:25,589 - root - INFO - get_person 		 - SUCCESS for: 01_M_A_10_H.wav
2024-02-12 17:31:25,589 - root - INFO - get_type 		 - SUCCESS for: 01_M_A_10_H.wav
2024-02-12 17:31:25,589 - root - INFO - get_person 		 - SUCCESS for: 01_M_A_10_L.wav
2024-02-12 17:31:25,589 - root - INFO - get_type 		 - SUCCESS for: 01_M_A_10_L.wav
2024-02-12 17:31:25,589 - root - INFO - get_person 		 - SUCCESS for: 03_M_A_01_L.wav
2024-02-12 17:31:25,589 - root - INFO - get_type 		 - SUCCESS for: 03_M_A_01_L.wav
2024-02-12 17:31:25,589 - root - INFO - get_person 		 - SUCCESS for: 03_M_A_02_L.wav
2024-02-12 17:31:25,589 - root - INFO - get_type 		 - SUCCESS for: 03_M_A_02_L.wav
2024-02-12 17:31:25,589 - root - INFO - get_person 		 - SUCCESS for: 03_M_A_03_L.wav
2024-02-12 17:31:25,589 - root - INFO - get_type 		 - SUCCESS for: 03_M_A_03_L.wav
2024-02-12 17:31:25,589 - root - INFO - get_person 		 - SUCCESS for: 07_M_A_01_L.wav
2024-02-12 17:31:25,589 - root - INFO - get_type 		 - SUCCESS for: 07_M_A_01_L.wav
2024-02-12 17:31:25,590 - root - INFO - get_person 		 - SUCCESS for: 07_M_A_02_L.wav
2024-02-12 17:31:25,590 - root - INFO - get_type 		 - SUCCESS for: 07_M_A_02_L.wav
2024-02-12 17:31:25,590 - root - INFO - get_person 		 - SUCCESS for: 07_M_A_03_L.wav
2024-02-12 17:31:25,590 - root - INFO - get_type 		 - SUCCESS for: 07_M_A_03_L.wav
2024-02-12 17:31:25,590 - root - INFO - list_to_3Dlist 		 - SUCCESS
2024-02-12 17:31:25,590 - root - INFO - get_person 		 - SUCCESS for: 01_M_I_01_H.wav
2024-02-12 17:31:25,590 - root - INFO - get_type 		 - SUCCESS for: 01_M_I_01_H.wav
2024-02-12 17:31:25,590 - root - INFO - get_person 		 - SUCCESS for: 01_M_I_01_L.wav
2024-02-12 17:31:25,590 - root - INFO - get_type 		 - SUCCESS for: 01_M_I_01_L.wav
2024-02-12 17:31:25,590 - root - INFO - get_person 		 - SUCCESS for: 01_M_I_02_H.wav
2024-02-12 17:31:25,590 - root - INFO - get_type 		 - SUCCESS for: 01_M_I_02_H.wav
2024-02-12 17:31:25,590 - root - INFO - get_person 		 - SUCCESS for: 01_M_I_02_L.wav
2024-02-12 17:31:25,590 - root - INFO - get_type 		 - SUCCESS for: 01_M_I_02_L.wav
2024-02-12 17:31:25,590 - root - INFO - get_person 		 - SUCCESS for: 01_M_I_03_H.wav
2024-02-12 17:31:25,590 - root - INFO - get_type 		 - SUCCESS for: 01_M_I_03_H.wav
2024-02-12 17:31:25,590 - root - INFO - get_person 		 - SUCCESS for: 01_M_I_03_L.wav
2024-02-12 17:31:25,591 - root - INFO - get_type 		 - SUCCESS for: 01_M_I_03_L.wav
2024-02-12 17:31:25,591 - root - INFO - get_person 		 - SUCCESS for: 01_M_I_04_H.wav
2024-02-12 17:31:25,591 - root - INFO - get_type 		 - SUCCESS for: 01_M_I_04_H.wav
2024-02-12 17:31:25,591 - root - INFO - get_person 		 - SUCCESS for: 01_M_I_04_L.wav
2024-02-12 17:31:25,591 - root - INFO - get_type 		 - SUCCESS for: 01_M_I_04_L.wav
2024-02-12 17:31:25,591 - root - INFO - get_person 		 - SUCCESS for: 01_M_I_05_H.wav
2024-02-12 17:31:25,591 - root - INFO - get_type 		 - SUCCESS for: 01_M_I_05_H.wav
2024-02-12 17:31:25,591 - root - INFO - get_person 		 - SUCCESS for: 01_M_I_05_L.wav
2024-02-12 17:31:25,591 - root - INFO - get_type 		 - SUCCESS for: 01_M_I_05_L.wav
2024-02-12 17:31:25,591 - root - INFO - get_person 		 - SUCCESS for: 01_M_I_06_H.wav
2024-02-12 17:31:25,591 - root - INFO - get_type 		 - SUCCESS for: 01_M_I_06_H.wav
2024-02-12 17:31:25,591 - root - INFO - get_person 		 - SUCCESS for: 01_M_I_06_L.wav
2024-02-12 17:31:25,591 - root - INFO - get_type 		 - SUCCESS for: 01_M_I_06_L.wav
2024-02-12 17:31:25,591 - root - INFO - get_person 		 - SUCCESS for: 01_M_I_07_H.wav
2024-02-12 17:31:25,591 - root - INFO - get_type 		 - SUCCESS for: 01_M_I_07_H.wav
2024-02-12 17:31:25,591 - root - INFO - get_person 		 - SUCCESS for: 01_M_I_07_L.wav
2024-02-12 17:31:25,591 - root - INFO - get_type 		 - SUCCESS for: 01_M_I_07_L.wav
2024-02-12 17:31:25,592 - root - INFO - get_person 		 - SUCCESS for: 01_M_I_08_H.wav
2024-02-12 17:31:25,592 - root - INFO - get_type 		 - SUCCESS for: 01_M_I_08_H.wav
2024-02-12 17:31:25,592 - root - INFO - get_person 		 - SUCCESS for: 01_M_I_08_L.wav
2024-02-12 17:31:25,592 - root - INFO - get_type 		 - SUCCESS for: 01_M_I_08_L.wav
2024-02-12 17:31:25,592 - root - INFO - get_person 		 - SUCCESS for: 01_M_I_09_H.wav
2024-02-12 17:31:25,592 - root - INFO - get_type 		 - SUCCESS for: 01_M_I_09_H.wav
2024-02-12 17:31:25,592 - root - INFO - get_person 		 - SUCCESS for: 01_M_I_09_L.wav
2024-02-12 17:31:25,592 - root - INFO - get_type 		 - SUCCESS for: 01_M_I_09_L.wav
2024-02-12 17:31:25,592 - root - INFO - get_person 		 - SUCCESS for: 01_M_I_10_H.wav
2024-02-12 17:31:25,592 - root - INFO - get_type 		 - SUCCESS for: 01_M_I_10_H.wav
2024-02-12 17:31:25,592 - root - INFO - get_person 		 - SUCCESS for: 01_M_I_10_L.wav
2024-02-12 17:31:25,592 - root - INFO - get_type 		 - SUCCESS for: 01_M_I_10_L.wav
2024-02-12 17:31:25,592 - root - INFO - get_person 		 - SUCCESS for: 03_M_I_01_L.wav
2024-02-12 17:31:25,592 - root - INFO - get_type 		 - SUCCESS for: 03_M_I_01_L.wav
2024-02-12 17:31:25,592 - root - INFO - get_person 		 - SUCCESS for: 03_M_I_02_L.wav
2024-02-12 17:31:25,593 - root - INFO - get_type 		 - SUCCESS for: 03_M_I_02_L.wav
2024-02-12 17:31:25,593 - root - INFO - get_person 		 - SUCCESS for: 03_M_I_03_L.wav
2024-02-12 17:31:25,593 - root - INFO - get_type 		 - SUCCESS for: 03_M_I_03_L.wav
2024-02-12 17:31:25,593 - root - INFO - get_person 		 - SUCCESS for: 07_M_I_01_L.wav
2024-02-12 17:31:25,593 - root - INFO - get_type 		 - SUCCESS for: 07_M_I_01_L.wav
2024-02-12 17:31:25,593 - root - INFO - get_person 		 - SUCCESS for: 07_M_I_02_L.wav
2024-02-12 17:31:25,593 - root - INFO - get_type 		 - SUCCESS for: 07_M_I_02_L.wav
2024-02-12 17:31:25,593 - root - INFO - get_person 		 - SUCCESS for: 07_M_I_03_L.wav
2024-02-12 17:31:25,593 - root - INFO - get_type 		 - SUCCESS for: 07_M_I_03_L.wav
2024-02-12 17:31:25,593 - root - INFO - list_to_3Dlist 		 - SUCCESS
2024-02-12 17:31:25,593 - root - INFO - participants_lists 	 - SUCCESS
2024-02-12 17:31:25,594 - root - INFO - get_volume 		 - SUCCESS for: C:/Users/giuli/Music/Edit\INPUT/07_M_Q_01_L.wav
2024-02-12 17:31:25,594 - root - INFO - handle_auto_files 	 - INFO: tmp_n_answers: 2
2024-02-12 17:31:25,594 - root - INFO - get_volume 		 - SUCCESS for: C:/Users/giuli/Music/Edit\INPUT/01_M_A_01_H.wav
2024-02-12 17:31:25,594 - root - INFO - get_volume 		 - SUCCESS for: C:/Users/giuli/Music/Edit\INPUT/01_M_A_01_L.wav
2024-02-12 17:31:25,594 - root - INFO - get_person 		 - SUCCESS for: C:/Users/giuli/Music/Edit\INPUT/01_M_A_01_L.wav
2024-02-12 17:31:25,594 - root - INFO - audio_file 		 - SUCCESS for: C:/Users/giuli/Music/Edit\INPUT/01_M_A_01_L.wav: <class 'dict'>
2024-02-12 17:31:25,594 - root - INFO - add_file 		 - SUCCESS for: C:/Users/giuli/Music/Edit\INPUT/01_M_A_01_L.wav
2024-02-12 17:31:25,594 - root - INFO - get_volume 		 - SUCCESS for: C:/Users/giuli/Music/Edit\INPUT/01_M_I_01_H.wav
2024-02-12 17:31:25,595 - root - INFO - get_volume 		 - SUCCESS for: C:/Users/giuli/Music/Edit\INPUT/01_M_I_01_L.wav
2024-02-12 17:31:25,595 - root - INFO - get_person 		 - SUCCESS for: C:/Users/giuli/Music/Edit\INPUT/01_M_I_01_L.wav
2024-02-12 17:31:25,595 - root - INFO - audio_file 		 - SUCCESS for: C:/Users/giuli/Music/Edit\INPUT/01_M_I_01_L.wav: <class 'dict'>
2024-02-12 17:31:25,595 - root - INFO - add_file 		 - SUCCESS for: C:/Users/giuli/Music/Edit\INPUT/01_M_I_01_L.wav
2024-02-12 17:31:25,595 - root - INFO - get_volume 		 - SUCCESS for: C:/Users/giuli/Music/Edit\INPUT/03_M_A_01_L.wav
2024-02-12 17:31:25,595 - root - INFO - get_person 		 - SUCCESS for: C:/Users/giuli/Music/Edit\INPUT/03_M_A_01_L.wav
2024-02-12 17:31:25,595 - root - INFO - audio_file 		 - SUCCESS for: C:/Users/giuli/Music/Edit\INPUT/03_M_A_01_L.wav: <class 'dict'>
2024-02-12 17:31:25,595 - root - INFO - add_file 		 - SUCCESS for: C:/Users/giuli/Music/Edit\INPUT/03_M_A_01_L.wav
2024-02-12 17:31:25,596 - root - INFO - get_volume 		 - SUCCESS for: C:/Users/giuli/Music/Edit\INPUT/01_M_Q_03_H.wav
2024-02-12 17:31:25,596 - root - INFO - get_volume 		 - SUCCESS for: C:/Users/giuli/Music/Edit\INPUT/01_M_Q_03_L.wav
2024-02-12 17:31:25,596 - root - INFO - handle_auto_files 	 - INFO: tmp_n_answers: 2
2024-02-12 17:31:25,596 - root - INFO - get_volume 		 - SUCCESS for: C:/Users/giuli/Music/Edit\INPUT/07_M_A_03_L.wav
2024-02-12 17:31:25,596 - root - INFO - handle_auto_files 	 - ERROR: [['C:/Users/giuli/Music/Edit\\INPUT/01_M_A_01_H.wav', '01', '01'], ['C:/Users/giuli/Music/Edit\\INPUT/01_M_A_01_L.wav', '01', '01'], ['C:/Users/giuli/Music/Edit\\INPUT/01_M_A_02_H.wav', '01', '02'], ['C:/Users/giuli/Music/Edit\\INPUT/01_M_A_02_L.wav', '01', '02'], ['C:/Users/giuli/Music/Edit\\INPUT/01_M_A_03_H.wav', '01', '03'], ['C:/Users/giuli/Music/Edit\\INPUT/01_M_A_03_L.wav', '01', '03'], ['C:/Users/giuli/Music/Edit\\INPUT/01_M_A_04_H.wav', '01', '04'], ['C:/Users/giuli/Music/Edit\\INPUT/01_M_A_04_L.wav', '01', '04'], ['C:/Users/giuli/Music/Edit\\INPUT/01_M_A_05_H.wav', '01', '05'], ['C:/Users/giuli/Music/Edit\\INPUT/01_M_A_05_L.wav', '01', '05'], ['C:/Users/giuli/Music/Edit\\INPUT/01_M_A_06_H.wav', '01', '06'], ['C:/Users/giuli/Music/Edit\\INPUT/01_M_A_06_L.wav', '01', '06'], ['C:/Users/giuli/Music/Edit\\INPUT/01_M_A_07_H.wav', '01', '07'], ['C:/Users/giuli/Music/Edit\\INPUT/01_M_A_07_L.wav', '01', '07'], ['C:/Users/giuli/Music/Edit\\INPUT/01_M_A_08_H.wav', '01', '08'], ['C:/Users/giuli/Music/Edit\\INPUT/01_M_A_08_L.wav', '01', '08'], ['C:/Users/giuli/Music/Edit\\INPUT/01_M_A_09_H.wav', '01', '09'], ['C:/Users/giuli/Music/Edit\\INPUT/01_M_A_09_L.wav', '01', '09'], ['C:/Users/giuli/Music/Edit\\INPUT/01_M_A_10_H.wav', '01', '10'], ['C:/Users/giuli/Music/Edit\\INPUT/01_M_A_10_L.wav', '01', '10'], ['C:/Users/giuli/Music/Edit\\INPUT/03_M_A_01_L.wav', '03', '01'], ['C:/Users/giuli/Music/Edit\\INPUT/03_M_A_02_L.wav', '03', '02'], ['C:/Users/giuli/Music/Edit\\INPUT/03_M_A_03_L.wav', '03', '03'], ['C:/Users/giuli/Music/Edit\\INPUT/07_M_A_01_L.wav', '07', '01'], ['C:/Users/giuli/Music/Edit\\INPUT/07_M_A_02_L.wav', '07', '02'], ['C:/Users/giuli/Music/Edit\\INPUT/07_M_A_03_L.wav', '07', '03']], responder: 07, j: 03, i_a: 0, ('ND', 'H')
