\BOOKMARK [0][-]{chapter*.1}{Ringraziamenti}{}% 1
\BOOKMARK [0][-]{section*.2}{Indice}{}% 2
\BOOKMARK [0][-]{chapter.1}{Introduzione}{}% 3
\BOOKMARK [1][-]{section.1.1}{Il\040progetto}{chapter.1}% 4
\BOOKMARK [1][-]{section.1.2}{I\040contenuti}{chapter.1}% 5
\BOOKMARK [1][-]{section.1.3}{Organizzazione\040della\040tesi}{chapter.1}% 6
\BOOKMARK [1][-]{section.1.4}{Stile\040e\040forma}{chapter.1}% 7
\BOOKMARK [0][-]{chapter.2}{Stato\040dell'arte}{}% 8
\BOOKMARK [1][-]{section.2.1}{Risorse}{chapter.2}% 9
\BOOKMARK [1][-]{section.2.2}{Buone\040pratiche}{chapter.2}% 10
\BOOKMARK [1][-]{section.2.3}{Bibliografia\040e\040sitografia}{chapter.2}% 11
\BOOKMARK [0][-]{chapter.3}{Tecnologie\040utilizzate}{}% 12
\BOOKMARK [1][-]{section.3.1}{Generalit\340}{chapter.3}% 13
\BOOKMARK [2][-]{subsection.3.1.1}{La\040scrittura\040WYSIWYG\040vs.\040WYSIWYM}{section.3.1}% 14
\BOOKMARK [2][-]{subsection.3.1.2}{Risorse\040e\040strumenti}{section.3.1}% 15
\BOOKMARK [1][-]{section.3.2}{Suggerimenti\040sull'uso\040di\040LaTeX}{chapter.3}% 16
\BOOKMARK [2][-]{subsection.3.2.1}{Riferimenti\040incrociati}{section.3.2}% 17
\BOOKMARK [2][-]{subsection.3.2.2}{Ritorni\040a\040capo}{section.3.2}% 18
\BOOKMARK [2][-]{subsection.3.2.3}{Accenti}{section.3.2}% 19
\BOOKMARK [2][-]{subsection.3.2.4}{Spazi\040tra\040parole}{section.3.2}% 20
\BOOKMARK [2][-]{subsection.3.2.5}{Interlinea}{section.3.2}% 21
\BOOKMARK [2][-]{subsection.3.2.6}{Doppie\040virgolette}{section.3.2}% 22
\BOOKMARK [2][-]{subsection.3.2.7}{Ambienti\040per\040scrivere\040codice}{section.3.2}% 23
\BOOKMARK [2][-]{subsection.3.2.8}{Figure}{section.3.2}% 24
\BOOKMARK [1][-]{section.3.3}{BibTeX}{chapter.3}% 25
\BOOKMARK [2][-]{subsection.3.3.1}{Generalit\340}{section.3.3}% 26
\BOOKMARK [2][-]{subsection.3.3.2}{Strumenti}{section.3.3}% 27
\BOOKMARK [0][-]{chapter.4}{Nome\040del\040Progetto}{}% 28
\BOOKMARK [1][-]{section.4.1}{Panoramica\040del\040progetto}{chapter.4}% 29
\BOOKMARK [1][-]{section.4.2}{Implementazione}{chapter.4}% 30
\BOOKMARK [0][-]{chapter.5}{Test}{}% 31
\BOOKMARK [1][-]{section.5.1}{Protocollo}{chapter.5}% 32
\BOOKMARK [1][-]{section.5.2}{Risultati}{chapter.5}% 33
\BOOKMARK [1][-]{section.5.3}{Osservazioni}{chapter.5}% 34
\BOOKMARK [0][-]{chapter.6}{Conclusioni}{}% 35
\BOOKMARK [1][-]{section.6.1}{Conclusioni}{chapter.6}% 36
\BOOKMARK [1][-]{section.6.2}{Sviluppi\040futuri}{chapter.6}% 37
\BOOKMARK [0][-]{appendix.Alph1}{Il\040tirocinio\040e\040la\040correzione}{}% 38
\BOOKMARK [0][-]{appendix.Alph2}{Il\040riassunto}{}% 39
\BOOKMARK [0][-]{appendix.Alph3}{La\040consegna}{}% 40
\BOOKMARK [0][-]{appendix.Alph4}{La\040presentazione}{}% 41
\BOOKMARK [0][-]{section*.4}{Bibliografia}{}% 42
